EMFieldVisualizer/app/build/intermediates/manifest_merge_blame_file/debug/manifest-merger-blame-debug-report.txt
1<?xml version="1.0" encoding="utf-8"?>
2<manifest xmlns:android="http://schemas.android.com/apk/res/android"
3    package="com.emfield.visualizer"
4    android:versionCode="1"
5    android:versionName="1.0" >
6
7    <uses-sdk
8        android:minSdkVersion="26"
9        android:targetSdkVersion="34" />
10
11    <!-- Sensor permissions -->
12    <uses-permission android:name="android.permission.BODY_SENSORS" />
12-->src\main\AndroidManifest.xml:6:5-71
12-->src\main\AndroidManifest.xml:6:22-68
13    <uses-permission android:name="android.permission.HIGH_SAMPLING_RATE_SENSORS" />
13-->src\main\AndroidManifest.xml:7:5-85
13-->src\main\AndroidManifest.xml:7:22-82
14
15    <!-- Storage for data export -->
16    <uses-permission
16-->src\main\AndroidManifest.xml:10:5-11:38
17        android:name="android.permission.WRITE_EXTERNAL_STORAGE"
17-->src\main\AndroidManifest.xml:10:22-78
18        android:maxSdkVersion="28" />
18-->src\main\AndroidManifest.xml:11:9-35
19    <uses-permission
19-->src\main\AndroidManifest.xml:12:5-13:38
20        android:name="android.permission.READ_EXTERNAL_STORAGE"
20-->src\main\AndroidManifest.xml:12:22-77
21        android:maxSdkVersion="32" />
21-->src\main\AndroidManifest.xml:13:9-35
22
23    <!-- Foreground service for continuous scanning -->
24    <uses-permission android:name="android.permission.FOREGROUND_SERVICE" />
24-->src\main\AndroidManifest.xml:16:5-77
24-->src\main\AndroidManifest.xml:16:22-74
25    <uses-permission android:name="android.permission.FOREGROUND_SERVICE_SPECIAL_USE" />
25-->src\main\AndroidManifest.xml:17:5-89
25-->src\main\AndroidManifest.xml:17:22-86
26
27    <!-- Wake lock to keep sensors active -->
28    <uses-permission android:name="android.permission.WAKE_LOCK" />
28-->src\main\AndroidManifest.xml:20:5-68
28-->src\main\AndroidManifest.xml:20:22-65
29
30    <!-- Require magnetometer sensor -->
31    <uses-feature
31-->src\main\AndroidManifest.xml:23:5-25:35
32        android:name="android.hardware.sensor.compass"
32-->src\main\AndroidManifest.xml:24:9-55
33        android:required="true" />
33-->src\main\AndroidManifest.xml:25:9-32
34    <uses-feature
34-->src\main\AndroidManifest.xml:26:5-28:35
35        android:name="android.hardware.sensor.accelerometer"
35-->src\main\AndroidManifest.xml:27:9-61
36        android:required="true" />
36-->src\main\AndroidManifest.xml:28:9-32
37    <uses-feature
37-->src\main\AndroidManifest.xml:29:5-31:35
38        android:name="android.hardware.sensor.gyroscope"
38-->src\main\AndroidManifest.xml:30:9-57
39        android:required="true" />
39-->src\main\AndroidManifest.xml:31:9-32
40
41    <!-- Require OpenGL ES 3.0 -->
42    <uses-feature
42-->src\main\AndroidManifest.xml:34:5-36:35
43        android:glEsVersion="0x00030000"
43-->src\main\AndroidManifest.xml:35:9-41
44        android:required="true" />
44-->src\main\AndroidManifest.xml:36:9-32
45
46    <permission
46-->[androidx.core:core:1.12.0] AndroidManifest.xml:22:5-24:47
47        android:name="com.emfield.visualizer.DYNAMIC_RECEIVER_NOT_EXPORTED_PERMISSION"
47-->[androidx.core:core:1.12.0] AndroidManifest.xml:23:9-81
48        android:protectionLevel="signature" />
48-->[androidx.core:core:1.12.0] AndroidManifest.xml:24:9-44
49
50    <uses-permission android:name="com.emfield.visualizer.DYNAMIC_RECEIVER_NOT_EXPORTED_PERMISSION" />
50-->[androidx.core:core:1.12.0] AndroidManifest.xml:26:5-97
50-->[androidx.core:core:1.12.0] AndroidManifest.xml:26:22-94
51
52    <application
52-->src\main\AndroidManifest.xml:38:5-80:19
53        android:allowBackup="true"
53-->src\main\AndroidManifest.xml:39:9-35
54        android:appComponentFactory="androidx.core.app.CoreComponentFactory"
54-->[androidx.core:core:1.12.0] AndroidManifest.xml:28:18-86
55        android:debuggable="true"
56        android:extractNativeLibs="false"
57        android:hardwareAccelerated="true"
57-->src\main\AndroidManifest.xml:45:9-43
58        android:icon="@android:drawable/ic_menu_compass"
58-->src\main\AndroidManifest.xml:40:9-57
59        android:label="@string/app_name"
59-->src\main\AndroidManifest.xml:41:9-41
60        android:roundIcon="@android:drawable/ic_menu_compass"
60-->src\main\AndroidManifest.xml:42:9-62
61        android:supportsRtl="true"
61-->src\main\AndroidManifest.xml:43:9-35
62        android:theme="@style/Theme.EMFieldVisualizer" >
62-->src\main\AndroidManifest.xml:44:9-55
63        <activity
63-->src\main\AndroidManifest.xml:48:9-57:20
64            android:name="com.emfield.visualizer.ui.MainActivity"
64-->src\main\AndroidManifest.xml:49:13-44
65            android:configChanges="orientation|screenSize|keyboardHidden"
65-->src\main\AndroidManifest.xml:52:13-74
66            android:exported="true"
66-->src\main\AndroidManifest.xml:50:13-36
67            android:screenOrientation="portrait" >
67-->src\main\AndroidManifest.xml:51:13-49
68            <intent-filter>
68-->src\main\AndroidManifest.xml:53:13-56:29
69                <action android:name="android.intent.action.MAIN" />
69-->src\main\AndroidManifest.xml:54:17-69
69-->src\main\AndroidManifest.xml:54:25-66
70
71                <category android:name="android.intent.category.LAUNCHER" />
71-->src\main\AndroidManifest.xml:55:17-77
71-->src\main\AndroidManifest.xml:55:27-74
72            </intent-filter>
73        </activity>
74
75        <!-- Foreground service for continuous sensor monitoring -->
76        <service
76-->src\main\AndroidManifest.xml:60:9-67:19
77            android:name="com.emfield.visualizer.sensors.SensorMonitorService"
77-->src\main\AndroidManifest.xml:61:13-57
78            android:exported="false"
78-->src\main\AndroidManifest.xml:63:13-37
79            android:foregroundServiceType="specialUse" >
79-->src\main\AndroidManifest.xml:62:13-55
80            <property
80-->src\main\AndroidManifest.xml:64:13-66:77
81                android:name="android.app.PROPERTY_SPECIAL_USE_FGS_SUBTYPE"
81-->src\main\AndroidManifest.xml:65:17-76
82                android:value="Continuous electromagnetic field scanning" />
82-->src\main\AndroidManifest.xml:66:17-74
83        </service>
84
85        <!-- FileProvider for sharing exported files -->
86        <provider
87            android:name="androidx.core.content.FileProvider"
87-->src\main\AndroidManifest.xml:71:13-62
88            android:authorities="com.emfield.visualizer.fileprovider"
88-->src\main\AndroidManifest.xml:72:13-64
89            android:exported="false"
89-->src\main\AndroidManifest.xml:73:13-37
90            android:grantUriPermissions="true" >
90-->src\main\AndroidManifest.xml:74:13-47
91            <meta-data
91-->src\main\AndroidManifest.xml:75:13-77:54
92                android:name="android.support.FILE_PROVIDER_PATHS"
92-->src\main\AndroidManifest.xml:76:17-67
93                android:resource="@xml/file_paths" />
93-->src\main\AndroidManifest.xml:77:17-51
94        </provider>
95        <provider
95-->[androidx.emoji2:emoji2:1.2.0] AndroidManifest.xml:24:9-32:20
96            android:name="androidx.startup.InitializationProvider"
96-->[androidx.emoji2:emoji2:1.2.0] AndroidManifest.xml:25:13-67
97            android:authorities="com.emfield.visualizer.androidx-startup"
97-->[androidx.emoji2:emoji2:1.2.0] AndroidManifest.xml:26:13-68
98            android:exported="false" >
98-->[androidx.emoji2:emoji2:1.2.0] AndroidManifest.xml:27:13-37
99            <meta-data
99-->[androidx.emoji2:emoji2:1.2.0] AndroidManifest.xml:29:13-31:52
100                android:name="androidx.emoji2.text.EmojiCompatInitializer"
100-->[androidx.emoji2:emoji2:1.2.0] AndroidManifest.xml:30:17-75
101                android:value="androidx.startup" />
101-->[androidx.emoji2:emoji2:1.2.0] AndroidManifest.xml:31:17-49
102            <meta-data
102-->[androidx.lifecycle:lifecycle-process:2.7.0] AndroidManifest.xml:29:13-31:52
103                android:name="androidx.lifecycle.ProcessLifecycleInitializer"
103-->[androidx.lifecycle:lifecycle-process:2.7.0] AndroidManifest.xml:30:17-78
104                android:value="androidx.startup" />
104-->[androidx.lifecycle:lifecycle-process:2.7.0] AndroidManifest.xml:31:17-49
105            <meta-data
105-->[androidx.profileinstaller:profileinstaller:1.3.0] AndroidManifest.xml:29:13-31:52
106                android:name="androidx.profileinstaller.ProfileInstallerInitializer"
106-->[androidx.profileinstaller:profileinstaller:1.3.0] AndroidManifest.xml:30:17-85
107                android:value="androidx.startup" />
107-->[androidx.profileinstaller:profileinstaller:1.3.0] AndroidManifest.xml:31:17-49
108        </provider>
109
110        <uses-library
110-->[androidx.window:window:1.0.0] AndroidManifest.xml:25:9-27:40
111            android:name="androidx.window.extensions"
111-->[androidx.window:window:1.0.0] AndroidManifest.xml:26:13-54
112            android:required="false" />
112-->[androidx.window:window:1.0.0] AndroidManifest.xml:27:13-37
113        <uses-library
113-->[androidx.window:window:1.0.0] AndroidManifest.xml:28:9-30:40
114            android:name="androidx.window.sidecar"
114-->[androidx.window:window:1.0.0] AndroidManifest.xml:29:13-51
115            android:required="false" />
115-->[androidx.window:window:1.0.0] AndroidManifest.xml:30:13-37
116
117        <receiver
117-->[androidx.profileinstaller:profileinstaller:1.3.0] AndroidManifest.xml:34:9-52:20
118            android:name="androidx.profileinstaller.ProfileInstallReceiver"
118-->[androidx.profileinstaller:profileinstaller:1.3.0] AndroidManifest.xml:35:13-76
119            android:directBootAware="false"
119-->[androidx.profileinstaller:profileinstaller:1.3.0] AndroidManifest.xml:36:13-44
120            android:enabled="true"
120-->[androidx.profileinstaller:profileinstaller:1.3.0] AndroidManifest.xml:37:13-35
121            android:exported="true"
121-->[androidx.profileinstaller:profileinstaller:1.3.0] AndroidManifest.xml:38:13-36
122            android:permission="android.permission.DUMP" >
122-->[androidx.profileinstaller:profileinstaller:1.3.0] AndroidManifest.xml:39:13-57
123            <intent-filter>
123-->[androidx.profileinstaller:profileinstaller:1.3.0] AndroidManifest.xml:40:13-42:29
124                <action android:name="androidx.profileinstaller.action.INSTALL_PROFILE" />
124-->[androidx.profileinstaller:profileinstaller:1.3.0] AndroidManifest.xml:41:17-91
124-->[androidx.profileinstaller:profileinstaller:1.3.0] AndroidManifest.xml:41:25-88
125            </intent-filter>
126            <intent-filter>
126-->[androidx.profileinstaller:profileinstaller:1.3.0] AndroidManifest.xml:43:13-45:29
127                <action android:name="androidx.profileinstaller.action.SKIP_FILE" />
127-->[androidx.profileinstaller:profileinstaller:1.3.0] AndroidManifest.xml:44:17-85
127-->[androidx.profileinstaller:profileinstaller:1.3.0] AndroidManifest.xml:44:25-82
128            </intent-filter>
129            <intent-filter>
129-->[androidx.profileinstaller:profileinstaller:1.3.0] AndroidManifest.xml:46:13-48:29
130                <action android:name="androidx.profileinstaller.action.SAVE_PROFILE" />
130-->[androidx.profileinstaller:profileinstaller:1.3.0] AndroidManifest.xml:47:17-88
130-->[androidx.profileinstaller:profileinstaller:1.3.0] AndroidManifest.xml:47:25-85
131            </intent-filter>
132            <intent-filter>
132-->[androidx.profileinstaller:profileinstaller:1.3.0] AndroidManifest.xml:49:13-51:29
133                <action android:name="androidx.profileinstaller.action.BENCHMARK_OPERATION" />
133-->[androidx.profileinstaller:profileinstaller:1.3.0] AndroidManifest.xml:50:17-95
133-->[androidx.profileinstaller:profileinstaller:1.3.0] AndroidManifest.xml:50:25-92
134            </intent-filter>
135        </receiver>
136    </application>
137
138</manifest>